<?xml version="1.0" encoding="UTF-8"?>
<!-- Generated by org.testng.reporters.JUnitXMLReporter -->
<testsuite ignored="1" hostname="LP-5CD151GTDG" failures="2" tests="2" name="purchaseTest" time="0.041" errors="0" timestamp="2025-02-01T13:03:08 IST">
  <testcase classname="sushilmaurya.SeleniumFramework.MakeThePageObjectModel" name="MakeThePageObjectModel" time="0.008">
    <failure type="java.lang.NullPointerException" message="Cannot invoke &amp;quot;sushilmauryapageobject.LandingPage.ApplicationCatalogue(String, String)&amp;quot; because &amp;quot;this.landingpage&amp;quot; is null">
      <![CDATA[java.lang.NullPointerException: Cannot invoke "sushilmauryapageobject.LandingPage.ApplicationCatalogue(String, String)" because "this.landingpage" is null
at sushilmaurya.SeleniumFramework.MakeThePageObjectModel.MakeThePageObjectModel(MakeThePageObjectModel.java:34)
at java.base/java.util.ArrayList.forEach(ArrayList.java:1596)
... Removed 25 stack frames]]>
    </failure>
  </testcase> <!-- MakeThePageObjectModel -->
  <testcase classname="sushilmaurya.SeleniumFramework.MakeThePageObjectModel" name="MakeThePageObjectModel" time="0.001">
    <failure type="java.lang.NullPointerException" message="Cannot invoke &amp;quot;sushilmauryapageobject.LandingPage.ApplicationCatalogue(String, String)&amp;quot; because &amp;quot;this.landingpage&amp;quot; is null">
      <![CDATA[java.lang.NullPointerException: Cannot invoke "sushilmauryapageobject.LandingPage.ApplicationCatalogue(String, String)" because "this.landingpage" is null
at sushilmaurya.SeleniumFramework.MakeThePageObjectModel.MakeThePageObjectModel(MakeThePageObjectModel.java:34)
at java.base/java.util.ArrayList.forEach(ArrayList.java:1596)
... Removed 25 stack frames]]>
    </failure>
  </testcase> <!-- MakeThePageObjectModel -->
  <testcase classname="sushilmaurya.SeleniumFramework.MakeThePageObjectModel" name="orderValidation" time="0.0">
    <ignored/>
  </testcase> <!-- orderValidation -->
</testsuite> <!-- purchaseTest -->
