<?xml version="1.0" encoding="UTF-8"?>
<!-- Generated by org.testng.reporters.JUnitXMLReporter -->
<testsuite ignored="0" hostname="LP-5CD151GTDG" failures="1" tests="3" name="ValidationWithTest" time="7.675" errors="0" timestamp="2025-02-03T19:16:14 IST">
  <testcase classname="sushilmaurya.SeleniumFramework.MakeThePageObjectModel" name="MakeThePageObjectModel" time="2.815"/>
  <testcase classname="sushilmaurya.SeleniumFramework.MakeThePageObjectModel" name="MakeThePageObjectModel" time="1.653">
    <failure type="org.openqa.selenium.ElementClickInterceptedException" message="element click intercepted: Element is not clickable at point (606, 789)
  (Session info: chrome=132.0.6834.160)
Build info: version: &amp;apos;4.28.1&amp;apos;, revision: &amp;apos;73f5ad48a2&amp;apos;
System info: os.name: &amp;apos;Windows 11&amp;apos;, os.arch: &amp;apos;amd64&amp;apos;, os.version: &amp;apos;10.0&amp;apos;, java.version: &amp;apos;21.0.5&amp;apos;
Driver info: org.openqa.selenium.chrome.ChromeDriver
Command: [00c9c98b067beb4e9f8f52165b7a1e96, clickElement {id=f.1E253C601C1B54F8022BCE468ADC4720.d.A4E54248905E4AA155D10F8B9707B92D.e.94}]
Capabilities {acceptInsecureCerts: false, browserName: chrome, browserVersion: 132.0.6834.160, chrome: {chromedriverVersion: 132.0.6834.159 (2d77d3fc445..., userDataDir: C:\Users\V-SUSM~1\AppData\L...}, fedcm:accounts: true, goog:chromeOptions: {debuggerAddress: localhost:52517}, networkConnectionEnabled: false, pageLoadStrategy: normal, platformName: windows, proxy: Proxy(), se:cdp: ws://localhost:52517/devtoo..., se:cdpVersion: 132.0.6834.160, setWindowRect: true, strictFileInteractability: false, timeouts: {implicit: 0, pageLoad: 300000, script: 30000}, unhandledPromptBehavior: dismiss and notify, webauthn:extension:credBlob: true, webauthn:extension:largeBlob: true, webauthn:extension:minPinLength: true, webauthn:extension:prf: true, webauthn:virtualAuthenticators: true}
Element: [[[[ChromeDriver: chrome on windows (00c9c98b067beb4e9f8f52165b7a1e96)] -&amp;gt; css selector: .card-body]] -&amp;gt; css selector: .card-body button:last-of-type]
Session ID: 00c9c98b067beb4e9f8f52165b7a1e96">
      <![CDATA[org.openqa.selenium.ElementClickInterceptedException: element click intercepted: Element is not clickable at point (606, 789)
  (Session info: chrome=132.0.6834.160)
Build info: version: '4.28.1', revision: '73f5ad48a2'
System info: os.name: 'Windows 11', os.arch: 'amd64', os.version: '10.0', java.version: '21.0.5'
Driver info: org.openqa.selenium.chrome.ChromeDriver
Command: [00c9c98b067beb4e9f8f52165b7a1e96, clickElement {id=f.1E253C601C1B54F8022BCE468ADC4720.d.A4E54248905E4AA155D10F8B9707B92D.e.94}]
Capabilities {acceptInsecureCerts: false, browserName: chrome, browserVersion: 132.0.6834.160, chrome: {chromedriverVersion: 132.0.6834.159 (2d77d3fc445..., userDataDir: C:\Users\V-SUSM~1\AppData\L...}, fedcm:accounts: true, goog:chromeOptions: {debuggerAddress: localhost:52517}, networkConnectionEnabled: false, pageLoadStrategy: normal, platformName: windows, proxy: Proxy(), se:cdp: ws://localhost:52517/devtoo..., se:cdpVersion: 132.0.6834.160, setWindowRect: true, strictFileInteractability: false, timeouts: {implicit: 0, pageLoad: 300000, script: 30000}, unhandledPromptBehavior: dismiss and notify, webauthn:extension:credBlob: true, webauthn:extension:largeBlob: true, webauthn:extension:minPinLength: true, webauthn:extension:prf: true, webauthn:virtualAuthenticators: true}
Element: [[[[ChromeDriver: chrome on windows (00c9c98b067beb4e9f8f52165b7a1e96)] -> css selector: .card-body]] -> css selector: .card-body button:last-of-type]
Session ID: 00c9c98b067beb4e9f8f52165b7a1e96
at org.openqa.selenium.remote.ErrorCodec.decode(ErrorCodec.java:167)
at org.openqa.selenium.remote.codec.w3c.W3CHttpResponseCodec.decode(W3CHttpResponseCodec.java:138)
at org.openqa.selenium.remote.codec.w3c.W3CHttpResponseCodec.decode(W3CHttpResponseCodec.java:50)
at org.openqa.selenium.remote.HttpCommandExecutor.execute(HttpCommandExecutor.java:215)
at org.openqa.selenium.remote.service.DriverCommandExecutor.invokeExecute(DriverCommandExecutor.java:216)
at org.openqa.selenium.remote.service.DriverCommandExecutor.execute(DriverCommandExecutor.java:174)
at org.openqa.selenium.remote.RemoteWebDriver.execute(RemoteWebDriver.java:545)
at org.openqa.selenium.remote.RemoteWebElement.execute(RemoteWebElement.java:223)
at org.openqa.selenium.remote.RemoteWebElement.click(RemoteWebElement.java:76)
at sushilmauryapageobject.ApplicationCatalogue.addToCart(ApplicationCatalogue.java:53)
at sushilmaurya.SeleniumFramework.MakeThePageObjectModel.MakeThePageObjectModel(MakeThePageObjectModel.java:37)
at java.base/java.util.ArrayList.forEach(ArrayList.java:1596)
... Removed 28 stack frames]]>
    </failure>
  </testcase> <!-- MakeThePageObjectModel -->
  <testcase classname="sushilmaurya.SeleniumFramework.MakeThePageObjectModel" name="orderValidation" time="0.0">
    <skipped/>
  </testcase> <!-- orderValidation -->
</testsuite> <!-- ValidationWithTest -->
