<?xml version="1.0" encoding="UTF-8"?>
<!-- Generated by org.testng.reporters.JUnitXMLReporter -->
<testsuite ignored="0" hostname="LP-5CD151GTDG" failures="0" tests="2" name="Default test" time="9.242" errors="0" timestamp="2025-01-30T23:31:58 IST">
  <testcase classname="sushilmaurya.SeleniumFramework.MakeThePageObjectModel" name="MakeThePageObjectModel" time="2.756"/>
  <testcase classname="sushilmaurya.SeleniumFramework.MakeThePageObjectModel" name="orderValidation" time="0.532"/>
</testsuite> <!-- Default test -->
