<?xml version="1.0" encoding="UTF-8"?>
<testng-results ignored="0" total="4" passed="2" failed="1" skipped="1">
  <reporter-output>
  </reporter-output>
  <suite started-at="2025-02-03T19:16:01 IST" name="Suite" finished-at="2025-02-03T19:16:14 IST" duration-ms="12822">
    <groups>
      <group name="smoke">
        <method signature="MakeThePageObjectModel.MakeThePageObjectModel(java.util.HashMap)[pri:0, instance:sushilmaurya.SeleniumFramework.MakeThePageObjectModel@1bd4fdd]" name="MakeThePageObjectModel" class="sushilmaurya.SeleniumFramework.MakeThePageObjectModel"/>
      </group> <!-- smoke -->
    </groups>
    <test started-at="2025-02-03T19:16:01 IST" name="NormalTest" finished-at="2025-02-03T19:16:06 IST" duration-ms="5107">
      <class name="sushilmaurya.SeleniumFramework.ApplyAllMethodTest">
        <test-method is-config="true" signature="AppLaunching()[pri:0, instance:sushilmaurya.SeleniumFramework.ApplyAllMethodTest@1afd44cb]" started-at="2025-02-03T19:16:01 IST" name="AppLaunching" finished-at="2025-02-03T19:16:03 IST" duration-ms="2014" status="PASS">
          <reporter-output>
          </reporter-output>
        </test-method> <!-- AppLaunching -->
        <test-method signature="MakeThePageObjectModel()[pri:0, instance:sushilmaurya.SeleniumFramework.ApplyAllMethodTest@1afd44cb]" started-at="2025-02-03T19:16:03 IST" name="MakeThePageObjectModel" finished-at="2025-02-03T19:16:06 IST" duration-ms="2949" status="PASS">
          <reporter-output>
          </reporter-output>
        </test-method> <!-- MakeThePageObjectModel -->
        <test-method is-config="true" signature="close()[pri:0, instance:sushilmaurya.SeleniumFramework.ApplyAllMethodTest@1afd44cb]" started-at="2025-02-03T19:16:06 IST" name="close" finished-at="2025-02-03T19:16:06 IST" duration-ms="118" status="PASS">
          <reporter-output>
          </reporter-output>
        </test-method> <!-- close -->
      </class> <!-- sushilmaurya.SeleniumFramework.ApplyAllMethodTest -->
    </test> <!-- NormalTest -->
    <test started-at="2025-02-03T19:16:06 IST" name="ValidationWithTest" finished-at="2025-02-03T19:16:14 IST" duration-ms="7675">
      <class name="sushilmaurya.SeleniumFramework.MakeThePageObjectModel">
        <test-method is-config="true" signature="AppLaunching()[pri:0, instance:sushilmaurya.SeleniumFramework.MakeThePageObjectModel@1bd4fdd]" started-at="2025-02-03T19:16:06 IST" name="AppLaunching" finished-at="2025-02-03T19:16:07 IST" duration-ms="1409" status="PASS">
          <reporter-output>
          </reporter-output>
        </test-method> <!-- AppLaunching -->
        <test-method signature="MakeThePageObjectModel(java.util.HashMap)[pri:0, instance:sushilmaurya.SeleniumFramework.MakeThePageObjectModel@1bd4fdd]" started-at="2025-02-03T19:16:07 IST" name="MakeThePageObjectModel" data-provider="getData" finished-at="2025-02-03T19:16:10 IST" duration-ms="2815" status="PASS">
          <params>
            <param index="0">
              <value>
                <![CDATA[{pass=Sushil123, email=sushil1@gmail.com, productName=BANARSI SAREE}]]>
              </value>
            </param>
          </params>
          <reporter-output>
          </reporter-output>
        </test-method> <!-- MakeThePageObjectModel -->
        <test-method is-config="true" signature="close()[pri:0, instance:sushilmaurya.SeleniumFramework.MakeThePageObjectModel@1bd4fdd]" started-at="2025-02-03T19:16:10 IST" name="close" finished-at="2025-02-03T19:16:10 IST" duration-ms="97" status="PASS">
          <reporter-output>
          </reporter-output>
        </test-method> <!-- close -->
        <test-method is-config="true" signature="AppLaunching()[pri:0, instance:sushilmaurya.SeleniumFramework.MakeThePageObjectModel@1bd4fdd]" started-at="2025-02-03T19:16:10 IST" name="AppLaunching" finished-at="2025-02-03T19:16:12 IST" duration-ms="1598" status="PASS">
          <reporter-output>
          </reporter-output>
        </test-method> <!-- AppLaunching -->
        <test-method signature="MakeThePageObjectModel(java.util.HashMap)[pri:0, instance:sushilmaurya.SeleniumFramework.MakeThePageObjectModel@1bd4fdd]" started-at="2025-02-03T19:16:12 IST" name="MakeThePageObjectModel" data-provider="getData" finished-at="2025-02-03T19:16:14 IST" duration-ms="1653" status="FAIL">
          <params>
            <param index="0">
              <value>
                <![CDATA[{pass=Sushil1234, email=Maurya@gmail.com, productName=LG REFRIGERATOR}]]>
              </value>
            </param>
          </params>
          <exception class="org.openqa.selenium.ElementClickInterceptedException">
            <message>
              <![CDATA[element click intercepted: Element is not clickable at point (606, 789)
  (Session info: chrome=132.0.6834.160)
Build info: version: '4.28.1', revision: '73f5ad48a2'
System info: os.name: 'Windows 11', os.arch: 'amd64', os.version: '10.0', java.version: '21.0.5'
Driver info: org.openqa.selenium.chrome.ChromeDriver
Command: [00c9c98b067beb4e9f8f52165b7a1e96, clickElement {id=f.1E253C601C1B54F8022BCE468ADC4720.d.A4E54248905E4AA155D10F8B9707B92D.e.94}]
Capabilities {acceptInsecureCerts: false, browserName: chrome, browserVersion: 132.0.6834.160, chrome: {chromedriverVersion: 132.0.6834.159 (2d77d3fc445..., userDataDir: C:\Users\V-SUSM~1\AppData\L...}, fedcm:accounts: true, goog:chromeOptions: {debuggerAddress: localhost:52517}, networkConnectionEnabled: false, pageLoadStrategy: normal, platformName: windows, proxy: Proxy(), se:cdp: ws://localhost:52517/devtoo..., se:cdpVersion: 132.0.6834.160, setWindowRect: true, strictFileInteractability: false, timeouts: {implicit: 0, pageLoad: 300000, script: 30000}, unhandledPromptBehavior: dismiss and notify, webauthn:extension:credBlob: true, webauthn:extension:largeBlob: true, webauthn:extension:minPinLength: true, webauthn:extension:prf: true, webauthn:virtualAuthenticators: true}
Element: [[[[ChromeDriver: chrome on windows (00c9c98b067beb4e9f8f52165b7a1e96)] -> css selector: .card-body]] -> css selector: .card-body button:last-of-type]
Session ID: 00c9c98b067beb4e9f8f52165b7a1e96]]>
            </message>
            <full-stacktrace>
              <![CDATA[org.openqa.selenium.ElementClickInterceptedException: element click intercepted: Element is not clickable at point (606, 789)
  (Session info: chrome=132.0.6834.160)
Build info: version: '4.28.1', revision: '73f5ad48a2'
System info: os.name: 'Windows 11', os.arch: 'amd64', os.version: '10.0', java.version: '21.0.5'
Driver info: org.openqa.selenium.chrome.ChromeDriver
Command: [00c9c98b067beb4e9f8f52165b7a1e96, clickElement {id=f.1E253C601C1B54F8022BCE468ADC4720.d.A4E54248905E4AA155D10F8B9707B92D.e.94}]
Capabilities {acceptInsecureCerts: false, browserName: chrome, browserVersion: 132.0.6834.160, chrome: {chromedriverVersion: 132.0.6834.159 (2d77d3fc445..., userDataDir: C:\Users\V-SUSM~1\AppData\L...}, fedcm:accounts: true, goog:chromeOptions: {debuggerAddress: localhost:52517}, networkConnectionEnabled: false, pageLoadStrategy: normal, platformName: windows, proxy: Proxy(), se:cdp: ws://localhost:52517/devtoo..., se:cdpVersion: 132.0.6834.160, setWindowRect: true, strictFileInteractability: false, timeouts: {implicit: 0, pageLoad: 300000, script: 30000}, unhandledPromptBehavior: dismiss and notify, webauthn:extension:credBlob: true, webauthn:extension:largeBlob: true, webauthn:extension:minPinLength: true, webauthn:extension:prf: true, webauthn:virtualAuthenticators: true}
Element: [[[[ChromeDriver: chrome on windows (00c9c98b067beb4e9f8f52165b7a1e96)] -> css selector: .card-body]] -> css selector: .card-body button:last-of-type]
Session ID: 00c9c98b067beb4e9f8f52165b7a1e96
at java.base/jdk.internal.reflect.DirectConstructorHandleAccessor.newInstance(DirectConstructorHandleAccessor.java:62)
at java.base/java.lang.reflect.Constructor.newInstanceWithCaller(Constructor.java:502)
at java.base/java.lang.reflect.Constructor.newInstance(Constructor.java:486)
at org.openqa.selenium.remote.ErrorCodec.decode(ErrorCodec.java:167)
at org.openqa.selenium.remote.codec.w3c.W3CHttpResponseCodec.decode(W3CHttpResponseCodec.java:138)
at org.openqa.selenium.remote.codec.w3c.W3CHttpResponseCodec.decode(W3CHttpResponseCodec.java:50)
at org.openqa.selenium.remote.HttpCommandExecutor.execute(HttpCommandExecutor.java:215)
at org.openqa.selenium.remote.service.DriverCommandExecutor.invokeExecute(DriverCommandExecutor.java:216)
at org.openqa.selenium.remote.service.DriverCommandExecutor.execute(DriverCommandExecutor.java:174)
at org.openqa.selenium.remote.RemoteWebDriver.execute(RemoteWebDriver.java:545)
at org.openqa.selenium.remote.RemoteWebElement.execute(RemoteWebElement.java:223)
at org.openqa.selenium.remote.RemoteWebElement.click(RemoteWebElement.java:76)
at sushilmauryapageobject.ApplicationCatalogue.addToCart(ApplicationCatalogue.java:53)
at sushilmaurya.SeleniumFramework.MakeThePageObjectModel.MakeThePageObjectModel(MakeThePageObjectModel.java:37)
at java.base/jdk.internal.reflect.DirectMethodHandleAccessor.invoke(DirectMethodHandleAccessor.java:103)
at java.base/java.lang.reflect.Method.invoke(Method.java:580)
at org.testng.internal.MethodInvocationHelper.invokeMethod(MethodInvocationHelper.java:133)
at org.testng.internal.TestInvoker.invokeMethod(TestInvoker.java:598)
at org.testng.internal.TestInvoker.invokeTestMethod(TestInvoker.java:173)
at org.testng.internal.MethodRunner.runInSequence(MethodRunner.java:46)
at org.testng.internal.TestInvoker$MethodInvocationAgent.invoke(TestInvoker.java:824)
at org.testng.internal.TestInvoker.invokeTestMethods(TestInvoker.java:146)
at org.testng.internal.TestMethodWorker.invokeTestMethods(TestMethodWorker.java:146)
at org.testng.internal.TestMethodWorker.run(TestMethodWorker.java:128)
at java.base/java.util.ArrayList.forEach(ArrayList.java:1596)
at org.testng.TestRunner.privateRun(TestRunner.java:794)
at org.testng.TestRunner.run(TestRunner.java:596)
at org.testng.SuiteRunner.runTest(SuiteRunner.java:377)
at org.testng.SuiteRunner.runSequentially(SuiteRunner.java:371)
at org.testng.SuiteRunner.privateRun(SuiteRunner.java:332)
at org.testng.SuiteRunner.run(SuiteRunner.java:276)
at org.testng.SuiteRunnerWorker.runSuite(SuiteRunnerWorker.java:53)
at org.testng.SuiteRunnerWorker.run(SuiteRunnerWorker.java:96)
at org.testng.TestNG.runSuitesSequentially(TestNG.java:1212)
at org.testng.TestNG.runSuitesLocally(TestNG.java:1134)
at org.testng.TestNG.runSuites(TestNG.java:1063)
at org.testng.TestNG.run(TestNG.java:1031)
at org.testng.remote.AbstractRemoteTestNG.run(AbstractRemoteTestNG.java:115)
at org.testng.remote.RemoteTestNG.initAndRun(RemoteTestNG.java:293)
at org.testng.remote.RemoteTestNG.main(RemoteTestNG.java:91)
]]>
            </full-stacktrace>
          </exception> <!-- org.openqa.selenium.ElementClickInterceptedException -->
          <reporter-output>
          </reporter-output>
        </test-method> <!-- MakeThePageObjectModel -->
        <test-method is-config="true" signature="close()[pri:0, instance:sushilmaurya.SeleniumFramework.MakeThePageObjectModel@1bd4fdd]" started-at="2025-02-03T19:16:14 IST" name="close" finished-at="2025-02-03T19:16:14 IST" duration-ms="91" status="PASS">
          <reporter-output>
          </reporter-output>
        </test-method> <!-- close -->
        <test-method signature="orderValidation(java.util.HashMap)[pri:0, instance:sushilmaurya.SeleniumFramework.MakeThePageObjectModel@1bd4fdd]" started-at="2025-02-03T19:16:14 IST" name="orderValidation" finished-at="2025-02-03T19:16:14 IST" depends-on-methods="sushilmaurya.SeleniumFramework.MakeThePageObjectModel.MakeThePageObjectModel" duration-ms="0" status="SKIP">
          <exception class="java.lang.Throwable">
            <message>
              <![CDATA[Method MakeThePageObjectModel.orderValidation(java.util.HashMap)[pri:0, instance:sushilmaurya.SeleniumFramework.MakeThePageObjectModel@1bd4fdd] depends on not successfully finished methods]]>
            </message>
            <full-stacktrace>
              <![CDATA[java.lang.Throwable: Method MakeThePageObjectModel.orderValidation(java.util.HashMap)[pri:0, instance:sushilmaurya.SeleniumFramework.MakeThePageObjectModel@1bd4fdd] depends on not successfully finished methods
at org.testng.internal.TestInvoker.invokeTestMethods(TestInvoker.java:102)
at org.testng.internal.TestMethodWorker.invokeTestMethods(TestMethodWorker.java:146)
at org.testng.internal.TestMethodWorker.run(TestMethodWorker.java:128)
at java.base/java.util.ArrayList.forEach(ArrayList.java:1596)
at org.testng.TestRunner.privateRun(TestRunner.java:794)
at org.testng.TestRunner.run(TestRunner.java:596)
at org.testng.SuiteRunner.runTest(SuiteRunner.java:377)
at org.testng.SuiteRunner.runSequentially(SuiteRunner.java:371)
at org.testng.SuiteRunner.privateRun(SuiteRunner.java:332)
at org.testng.SuiteRunner.run(SuiteRunner.java:276)
at org.testng.SuiteRunnerWorker.runSuite(SuiteRunnerWorker.java:53)
at org.testng.SuiteRunnerWorker.run(SuiteRunnerWorker.java:96)
at org.testng.TestNG.runSuitesSequentially(TestNG.java:1212)
at org.testng.TestNG.runSuitesLocally(TestNG.java:1134)
at org.testng.TestNG.runSuites(TestNG.java:1063)
at org.testng.TestNG.run(TestNG.java:1031)
at org.testng.remote.AbstractRemoteTestNG.run(AbstractRemoteTestNG.java:115)
at org.testng.remote.RemoteTestNG.initAndRun(RemoteTestNG.java:293)
at org.testng.remote.RemoteTestNG.main(RemoteTestNG.java:91)
]]>
            </full-stacktrace>
          </exception> <!-- java.lang.Throwable -->
          <reporter-output>
          </reporter-output>
        </test-method> <!-- orderValidation -->
      </class> <!-- sushilmaurya.SeleniumFramework.MakeThePageObjectModel -->
    </test> <!-- ValidationWithTest -->
  </suite> <!-- Suite -->
</testng-results>
