<?xml version="1.0" encoding="UTF-8"?>
<testng-results ignored="0" total="1" passed="1" failed="0" skipped="0">
  <reporter-output>
  </reporter-output>
  <suite started-at="2025-09-25T12:29:06 IST" name="Default suite" finished-at="2025-09-25T12:29:10 IST" duration-ms="4333">
    <groups>
    </groups>
    <test started-at="2025-09-25T12:29:06 IST" name="Default test" finished-at="2025-09-25T12:29:10 IST" duration-ms="4333">
      <class name="sushilmaurya.LoginFailedTest">
        <test-method signature="LoginFailed()[pri:0, instance:sushilmaurya.LoginFailedTest@647e447]" started-at="2025-09-25T12:29:06 IST" name="LoginFailed" finished-at="2025-09-25T12:29:10 IST" duration-ms="4308" status="PASS">
          <reporter-output>
          </reporter-output>
        </test-method> <!-- LoginFailed -->
      </class> <!-- sushilmaurya.LoginFailedTest -->
    </test> <!-- Default test -->
  </suite> <!-- Default suite -->
</testng-results>
